<?xml version="1.0" encoding="UTF-8"?>
<testsuite name="com.laioffer.onlineorder.CartServiceTests" tests="1" skipped="0" failures="0" errors="0" timestamp="2023-11-11T17:33:23" hostname="alexs-MacBook-Pro.local" time="0.222">
  <properties/>
  <testcase name="addMenuItemToCart_whenOrderAlreadyExist_shouldUpdateOrderItem()" classname="com.laioffer.onlineorder.CartServiceTests" time="0.222"/>
  <system-out><![CDATA[]]></system-out>
  <system-err><![CDATA[]]></system-err>
</testsuite>
